0 info it worked if it ends with ok
1 verbose cli [ 'node', '/usr/local/bin/npm', 'run', 'unittest' ]
2 info using npm@2.10.1
3 info using node@v0.12.4
4 verbose run-script [ 'preunittest', 'unittest', 'postunittest' ]
5 info preunittest SOT-skills-report@1.0.0
6 info unittest SOT-skills-report@1.0.0
7 verbose unsafe-perm in lifecycle true
8 info SOT-skills-report@1.0.0 Failed to exec unittest script
9 verbose stack Error: SOT-skills-report@1.0.0 unittest: `mocha --compilers js:babel/register ./test/*.spec.js ./src/**/*.spec.js`
9 verbose stack Exit status 3
9 verbose stack     at EventEmitter.<anonymous> (/usr/local/lib/node_modules/npm/lib/utils/lifecycle.js:213:16)
9 verbose stack     at EventEmitter.emit (events.js:110:17)
9 verbose stack     at ChildProcess.<anonymous> (/usr/local/lib/node_modules/npm/lib/utils/spawn.js:24:14)
9 verbose stack     at ChildProcess.emit (events.js:110:17)
9 verbose stack     at maybeClose (child_process.js:1015:16)
9 verbose stack     at Process.ChildProcess._handle.onexit (child_process.js:1087:5)
10 verbose pkgid SOT-skills-report@1.0.0
11 verbose cwd /Users/marielle/Documents/Projects/Garden Cards/PACKAGES/github/SOT-skills-report
12 error Darwin 14.5.0
13 error argv "node" "/usr/local/bin/npm" "run" "unittest"
14 error node v0.12.4
15 error npm  v2.10.1
16 error code ELIFECYCLE
17 error SOT-skills-report@1.0.0 unittest: `mocha --compilers js:babel/register ./test/*.spec.js ./src/**/*.spec.js`
17 error Exit status 3
18 error Failed at the SOT-skills-report@1.0.0 unittest script 'mocha --compilers js:babel/register ./test/*.spec.js ./src/**/*.spec.js'.
18 error This is most likely a problem with the SOT-skills-report package,
18 error not with npm itself.
18 error Tell the author that this fails on your system:
18 error     mocha --compilers js:babel/register ./test/*.spec.js ./src/**/*.spec.js
18 error You can get their info via:
18 error     npm owner ls SOT-skills-report
18 error There is likely additional logging output above.
19 verbose exit [ 1, true ]
